<?xml version="1.0" encoding="UTF-8"?>
<!-- Generated by org.testng.reporters.JUnitReportReporter -->
<testsuite hostname="DESKTOP-5UDHGO9" failures="0" tests="2" name="com.ots.testcases.LoginTest" time="5.570" errors="0" timestamp="2024-07-07T13:08:11 IST" skipped="0">
  <testcase classname="com.ots.testcases.LoginTest" name="verifynewlink" time="3.069"/>
  <testcase classname="com.ots.testcases.LoginTest" name="validlogin" time="2.501"/>
</testsuite> <!-- com.ots.testcases.LoginTest -->
